<!DOCTYPE html>
<!--
 | Generated by Apache Maven Doxia Site Renderer 1.11.1 from org.apache.maven.plugins:maven-surefire-report-plugin:3.2.3:report at 2023-12-21

 | Rendered using Apache Maven Default Skin
-->
<html xmlns="http://www.w3.org/1999/xhtml" xml:lang="en" lang="en">
  <head>
    <meta charset="UTF-8" />
    <meta name="viewport" content="width=device-width, initial-scale=1.0" />
    <meta name="generator" content="Apache Maven Doxia Site Renderer 1.11.1" />
    <title>GravitationalEq &#x2013; Surefire Report</title>
    <link rel="stylesheet" href="./css/maven-base.css" />
    <link rel="stylesheet" href="./css/maven-theme.css" />
    <link rel="stylesheet" href="./css/site.css" />
    <link rel="stylesheet" href="./css/print.css" media="print" />
  </head>
  <body class="composite">
    <div id="banner">
<div id="bannerLeft">GravitationalEq
</div>
      <div class="clear">
        <hr/>
      </div>
    </div>
    <div id="breadcrumbs">
      <div class="xleft">
        <span id="publishDate">Last Published: 2023-12-21</span>
           | <span id="projectVersion">Version: 0.0.1-SNAPSHOT</span>
      </div>
      <div class="xright"><a href="./" title="GravitationalEq">GravitationalEq</a>      </div>
      <div class="clear">
        <hr/>
      </div>
    </div>
    <div id="leftColumn">
      <div id="navcolumn">
       <h5>Project Documentation</h5>
    <ul>
     <li class="collapsed"><a href="project-info.html" title="Project Information">Project Information</a></li>
     <li class="expanded"><a href="project-reports.html" title="Project Reports">Project Reports</a>
      <ul>
       <li class="none"><strong>Surefire</strong></li>
       <li class="none"><a href="jacoco/index.html" title="JaCoCo">JaCoCo</a></li>
      </ul></li>
    </ul>
      <a href="http://maven.apache.org/" title="Built by Maven" class="poweredBy">
        <img class="poweredBy" alt="Built by Maven" src="./images/logos/maven-feather.png" />
      </a>
      </div>
    </div>
    <div id="bodyColumn">
      <div id="contentBox">
<script type="text/javascript">
function toggleDisplay(elementId) {
 var elm = document.getElementById(elementId + '-error');
 if (elm == null) {
  elm = document.getElementById(elementId + '-failure');
 }
 if (elm && typeof elm.style != "undefined") {
  if (elm.style.display == "none") {
   elm.style.display = "";
   document.getElementById(elementId + '-off').style.display = "none";
   document.getElementById(elementId + '-on').style.display = "inline";
  } else if (elm.style.display == "") {   elm.style.display = "none";
   document.getElementById(elementId + '-off').style.display = "inline";
   document.getElementById(elementId + '-on').style.display = "none";
  }
 }
 }</script><section>
<h2><a name="Surefire_Report"></a>Surefire Report</h2></section><section><a id="Summary"></a>
<h2><a name="Summary"></a>Summary</h2>
<p>[<a href="#Summary">Summary</a>] [<a href="#Package_List">Package List</a>] [<a href="#Test_Cases">Test Cases</a>]</p><br />
<table border="0" class="bodyTable">
<tr class="a">
<th>Tests</th>
<th>Errors</th>
<th>Failures</th>
<th>Skipped</th>
<th>Success Rate</th>
<th>Time</th></tr>
<tr class="b">
<td align="left">14</td>
<td>3</td>
<td>0</td>
<td>0</td>
<td>78.6%</td>
<td>0.777 s</td></tr></table><br />
<p>Note: failures are anticipated and checked for with assertions while errors are unanticipated.</p><br /></section><section><a id="Package_List"></a>
<h2><a name="Package_List"></a>Package List</h2>
<p>[<a href="#Summary">Summary</a>] [<a href="#Package_List">Package List</a>] [<a href="#Test_Cases">Test Cases</a>]</p><br />
<table border="0" class="bodyTable">
<tr class="a">
<th>Package</th>
<th>Tests</th>
<th>Errors</th>
<th>Failures</th>
<th>Skipped</th>
<th>Success Rate</th>
<th>Time</th></tr>
<tr class="b">
<td align="left"><a href="#es.uclm.esi.iso2.ga03.GravitationalEq">es.uclm.esi.iso2.ga03.GravitationalEq</a></td>
<td>14</td>
<td>3</td>
<td>0</td>
<td>0</td>
<td>78.6%</td>
<td>0.777 s</td></tr></table><br />
<p>Note: package statistics are not computed recursively, they only sum up all of its testsuites numbers.</p><section><a id="es.uclm.esi.iso2.ga03.GravitationalEq"></a>
<h3><a name="es.uclm.esi.iso2.ga03.GravitationalEq"></a>es.uclm.esi.iso2.ga03.GravitationalEq</h3>
<table border="0" class="bodyTable">
<tr class="a">
<th>-</th>
<th>Class</th>
<th>Tests</th>
<th>Errors</th>
<th>Failures</th>
<th>Skipped</th>
<th>Success Rate</th>
<th>Time</th></tr>
<tr class="b">
<td align="left"><a href="#es.uclm.esi.iso2.ga03.GravitationalEq.GravitationalEquationTest"><img src="images/icon_success_sml.gif" alt="" /></a></td>
<td><a href="#es.uclm.esi.iso2.ga03.GravitationalEq.GravitationalEquationTest">GravitationalEquationTest</a></td>
<td>5</td>
<td>0</td>
<td>0</td>
<td>0</td>
<td>100%</td>
<td>0.045 s</td></tr>
<tr class="a">
<td align="left"><a href="#es.uclm.esi.iso2.ga03.GravitationalEq.MainTest"><img src="images/icon_error_sml.gif" alt="" /></a></td>
<td><a href="#es.uclm.esi.iso2.ga03.GravitationalEq.MainTest">MainTest</a></td>
<td>9</td>
<td>3</td>
<td>0</td>
<td>0</td>
<td>66.7%</td>
<td>0.732 s</td></tr></table></section><br /></section><section><a id="Test_Cases"></a>
<h2><a name="Test_Cases"></a>Test Cases</h2>
<p>[<a href="#Summary">Summary</a>] [<a href="#Package_List">Package List</a>] [<a href="#Test_Cases">Test Cases</a>]</p><section><a id="es.uclm.esi.iso2.ga03.GravitationalEq.GravitationalEquationTest"></a>
<h3><a name="GravitationalEquationTest"></a>GravitationalEquationTest</h3>
<table border="0" class="bodyTable">
<tr class="a">
<td align="left"><img src="images/icon_success_sml.gif" alt="" /></td>
<td><a id="TC_es.uclm.esi.iso2.ga03.GravitationalEq.GravitationalEquationTest.testToString"></a>testToString</td>
<td>0.002 s</td></tr>
<tr class="b">
<td align="left"><img src="images/icon_success_sml.gif" alt="" /></td>
<td><a id="TC_es.uclm.esi.iso2.ga03.GravitationalEq.GravitationalEquationTest.testCalculateGravitationalForce"></a>testCalculateGravitationalForce</td>
<td>0 s</td></tr>
<tr class="a">
<td align="left"><img src="images/icon_success_sml.gif" alt="" /></td>
<td><a id="TC_es.uclm.esi.iso2.ga03.GravitationalEq.GravitationalEquationTest.testSetDistance"></a>testSetDistance</td>
<td>0 s</td></tr>
<tr class="b">
<td align="left"><img src="images/icon_success_sml.gif" alt="" /></td>
<td><a id="TC_es.uclm.esi.iso2.ga03.GravitationalEq.GravitationalEquationTest.testSetMass1"></a>testSetMass1</td>
<td>0 s</td></tr>
<tr class="a">
<td align="left"><img src="images/icon_success_sml.gif" alt="" /></td>
<td><a id="TC_es.uclm.esi.iso2.ga03.GravitationalEq.GravitationalEquationTest.testSetMass2"></a>testSetMass2</td>
<td>0 s</td></tr></table></section><section><a id="es.uclm.esi.iso2.ga03.GravitationalEq.MainTest"></a>
<h3><a name="MainTest"></a>MainTest</h3>
<table border="0" class="bodyTable">
<tr class="a">
<td align="left"><a href="#es.uclm.esi.iso2.ga03.GravitationalEq.MainTest.testCheckPositiveInputFalse"><img src="images/icon_error_sml.gif" alt="" /></a></td>
<td><a id="TC_es.uclm.esi.iso2.ga03.GravitationalEq.MainTest.testCheckPositiveInputFalse"></a><a href="#es.uclm.esi.iso2.ga03.GravitationalEq.MainTest.testCheckPositiveInputFalse">testCheckPositiveInputFalse</a>
<div class="detailToggle" style="display:inline"><a href="javascript:toggleDisplay('es.uclm.esi.iso2.ga03.GravitationalEq.MainTest.testCheckPositiveInputFalse');"><span style="display:inline;" id="es.uclm.esi.iso2.ga03.GravitationalEq.MainTest.testCheckPositiveInputFalse-off"> + </span><span style="display:none;" id="es.uclm.esi.iso2.ga03.GravitationalEq.MainTest.testCheckPositiveInputFalse-on"> - </span>[ Detail ]</a></div></td>
<td>0 s</td></tr>
<tr class="b">
<td align="left">-</td>
<td>Enter a positive number greater than zero.</td>
<td>-</td></tr>
<tr class="a" id="es.uclm.esi.iso2.ga03.GravitationalEq.MainTest.testCheckPositiveInputFalse-error" style="display:none;">
<td align="left">-</td>
<td>
<div class="source">
<pre>java.lang.IllegalArgumentException: Enter a positive number greater than zero.
	at es.uclm.esi.iso2.ga03.GravitationalEq.Main.checkPositiveInput(Main.java:46)
	at es.uclm.esi.iso2.ga03.GravitationalEq.MainTest.testCheckPositiveInputFalse(MainTest.java:53)
	at java.base/jdk.internal.reflect.NativeMethodAccessorImpl.invoke0(Native Method)
	at java.base/jdk.internal.reflect.NativeMethodAccessorImpl.invoke(NativeMethodAccessorImpl.java:77)
	at java.base/jdk.internal.reflect.DelegatingMethodAccessorImpl.invoke(DelegatingMethodAccessorImpl.java:43)
	at java.base/java.lang.reflect.Method.invoke(Method.java:568)
	at org.junit.runners.model.FrameworkMethod$1.runReflectiveCall(FrameworkMethod.java:47)
	at org.junit.internal.runners.model.ReflectiveCallable.run(ReflectiveCallable.java:12)
	at org.junit.runners.model.FrameworkMethod.invokeExplosively(FrameworkMethod.java:44)
	at org.junit.internal.runners.statements.InvokeMethod.evaluate(InvokeMethod.java:17)
	at org.junit.internal.runners.statements.RunBefores.evaluate(RunBefores.java:26)
	at org.junit.runners.ParentRunner.runLeaf(ParentRunner.java:271)
	at org.junit.runners.BlockJUnit4ClassRunner.runChild(BlockJUnit4ClassRunner.java:70)
	at org.junit.runners.BlockJUnit4ClassRunner.runChild(BlockJUnit4ClassRunner.java:50)
	at org.junit.runners.ParentRunner$3.run(ParentRunner.java:238)
	at org.junit.runners.ParentRunner$1.schedule(ParentRunner.java:63)
	at org.junit.runners.ParentRunner.runChildren(ParentRunner.java:236)
	at org.junit.runners.ParentRunner.access$000(ParentRunner.java:53)
	at org.junit.runners.ParentRunner$2.evaluate(ParentRunner.java:229)
	at org.junit.runners.ParentRunner.run(ParentRunner.java:309)
	at org.apache.maven.surefire.junit4.JUnit4Provider.execute(JUnit4Provider.java:316)
	at org.apache.maven.surefire.junit4.JUnit4Provider.executeWithRerun(JUnit4Provider.java:240)
	at org.apache.maven.surefire.junit4.JUnit4Provider.executeTestSet(JUnit4Provider.java:214)
	at org.apache.maven.surefire.junit4.JUnit4Provider.invoke(JUnit4Provider.java:155)
	at org.apache.maven.surefire.booter.ForkedBooter.runSuitesInProcess(ForkedBooter.java:385)
	at org.apache.maven.surefire.booter.ForkedBooter.execute(ForkedBooter.java:162)
	at org.apache.maven.surefire.booter.ForkedBooter.run(ForkedBooter.java:507)
	at org.apache.maven.surefire.booter.ForkedBooter.main(ForkedBooter.java:495)
</pre></div></td>
<td>-</td></tr>
<tr class="b">
<td align="left"><img src="images/icon_success_sml.gif" alt="" /></td>
<td><a id="TC_es.uclm.esi.iso2.ga03.GravitationalEq.MainTest.testCalculateResult"></a>testCalculateResult</td>
<td>0.718 s</td></tr>
<tr class="a">
<td align="left"><img src="images/icon_success_sml.gif" alt="" /></td>
<td><a id="TC_es.uclm.esi.iso2.ga03.GravitationalEq.MainTest.testAskValues"></a>testAskValues</td>
<td>0.008 s</td></tr>
<tr class="b">
<td align="left"><img src="images/icon_success_sml.gif" alt="" /></td>
<td><a id="TC_es.uclm.esi.iso2.ga03.GravitationalEq.MainTest.testPrintResult"></a>testPrintResult</td>
<td>0.001 s</td></tr>
<tr class="a">
<td align="left"><img src="images/icon_success_sml.gif" alt="" /></td>
<td><a id="TC_es.uclm.esi.iso2.ga03.GravitationalEq.MainTest.testIsPositive"></a>testIsPositive</td>
<td>0 s</td></tr>
<tr class="b">
<td align="left"><img src="images/icon_success_sml.gif" alt="" /></td>
<td><a id="TC_es.uclm.esi.iso2.ga03.GravitationalEq.MainTest.testIsPositiveFalse"></a>testIsPositiveFalse</td>
<td>0 s</td></tr>
<tr class="a">
<td align="left"><a href="#es.uclm.esi.iso2.ga03.GravitationalEq.MainTest.testReturnValuesFalse"><img src="images/icon_error_sml.gif" alt="" /></a></td>
<td><a id="TC_es.uclm.esi.iso2.ga03.GravitationalEq.MainTest.testReturnValuesFalse"></a><a href="#es.uclm.esi.iso2.ga03.GravitationalEq.MainTest.testReturnValuesFalse">testReturnValuesFalse</a>
<div class="detailToggle" style="display:inline"><a href="javascript:toggleDisplay('es.uclm.esi.iso2.ga03.GravitationalEq.MainTest.testReturnValuesFalse');"><span style="display:inline;" id="es.uclm.esi.iso2.ga03.GravitationalEq.MainTest.testReturnValuesFalse-off"> + </span><span style="display:none;" id="es.uclm.esi.iso2.ga03.GravitationalEq.MainTest.testReturnValuesFalse-on"> - </span>[ Detail ]</a></div></td>
<td>0.001 s</td></tr>
<tr class="b" id="es.uclm.esi.iso2.ga03.GravitationalEq.MainTest.testReturnValuesFalse-error" style="display:none;">
<td align="left">-</td>
<td>
<div class="source">
<pre>java.util.NoSuchElementException
	at java.base/java.util.Scanner.throwFor(Scanner.java:937)
	at java.base/java.util.Scanner.next(Scanner.java:1594)
	at java.base/java.util.Scanner.nextDouble(Scanner.java:2564)
	at es.uclm.esi.iso2.ga03.GravitationalEq.Main.returnValues(Main.java:33)
	at es.uclm.esi.iso2.ga03.GravitationalEq.MainTest.testReturnValuesFalse(MainTest.java:34)
	at java.base/jdk.internal.reflect.NativeMethodAccessorImpl.invoke0(Native Method)
	at java.base/jdk.internal.reflect.NativeMethodAccessorImpl.invoke(NativeMethodAccessorImpl.java:77)
	at java.base/jdk.internal.reflect.DelegatingMethodAccessorImpl.invoke(DelegatingMethodAccessorImpl.java:43)
	at java.base/java.lang.reflect.Method.invoke(Method.java:568)
	at org.junit.runners.model.FrameworkMethod$1.runReflectiveCall(FrameworkMethod.java:47)
	at org.junit.internal.runners.model.ReflectiveCallable.run(ReflectiveCallable.java:12)
	at org.junit.runners.model.FrameworkMethod.invokeExplosively(FrameworkMethod.java:44)
	at org.junit.internal.runners.statements.InvokeMethod.evaluate(InvokeMethod.java:17)
	at org.junit.internal.runners.statements.RunBefores.evaluate(RunBefores.java:26)
	at org.junit.runners.ParentRunner.runLeaf(ParentRunner.java:271)
	at org.junit.runners.BlockJUnit4ClassRunner.runChild(BlockJUnit4ClassRunner.java:70)
	at org.junit.runners.BlockJUnit4ClassRunner.runChild(BlockJUnit4ClassRunner.java:50)
	at org.junit.runners.ParentRunner$3.run(ParentRunner.java:238)
	at org.junit.runners.ParentRunner$1.schedule(ParentRunner.java:63)
	at org.junit.runners.ParentRunner.runChildren(ParentRunner.java:236)
	at org.junit.runners.ParentRunner.access$000(ParentRunner.java:53)
	at org.junit.runners.ParentRunner$2.evaluate(ParentRunner.java:229)
	at org.junit.runners.ParentRunner.run(ParentRunner.java:309)
	at org.apache.maven.surefire.junit4.JUnit4Provider.execute(JUnit4Provider.java:316)
	at org.apache.maven.surefire.junit4.JUnit4Provider.executeWithRerun(JUnit4Provider.java:240)
	at org.apache.maven.surefire.junit4.JUnit4Provider.executeTestSet(JUnit4Provider.java:214)
	at org.apache.maven.surefire.junit4.JUnit4Provider.invoke(JUnit4Provider.java:155)
	at org.apache.maven.surefire.booter.ForkedBooter.runSuitesInProcess(ForkedBooter.java:385)
	at org.apache.maven.surefire.booter.ForkedBooter.execute(ForkedBooter.java:162)
	at org.apache.maven.surefire.booter.ForkedBooter.run(ForkedBooter.java:507)
	at org.apache.maven.surefire.booter.ForkedBooter.main(ForkedBooter.java:495)
</pre></div></td>
<td>-</td></tr>
<tr class="a">
<td align="left"><img src="images/icon_success_sml.gif" alt="" /></td>
<td><a id="TC_es.uclm.esi.iso2.ga03.GravitationalEq.MainTest.testCheckPositiveInput"></a>testCheckPositiveInput</td>
<td>0 s</td></tr>
<tr class="b">
<td align="left"><a href="#es.uclm.esi.iso2.ga03.GravitationalEq.MainTest.testReturnValues"><img src="images/icon_error_sml.gif" alt="" /></a></td>
<td><a id="TC_es.uclm.esi.iso2.ga03.GravitationalEq.MainTest.testReturnValues"></a><a href="#es.uclm.esi.iso2.ga03.GravitationalEq.MainTest.testReturnValues">testReturnValues</a>
<div class="detailToggle" style="display:inline"><a href="javascript:toggleDisplay('es.uclm.esi.iso2.ga03.GravitationalEq.MainTest.testReturnValues');"><span style="display:inline;" id="es.uclm.esi.iso2.ga03.GravitationalEq.MainTest.testReturnValues-off"> + </span><span style="display:none;" id="es.uclm.esi.iso2.ga03.GravitationalEq.MainTest.testReturnValues-on"> - </span>[ Detail ]</a></div></td>
<td>0.001 s</td></tr>
<tr class="a" id="es.uclm.esi.iso2.ga03.GravitationalEq.MainTest.testReturnValues-error" style="display:none;">
<td align="left">-</td>
<td>
<div class="source">
<pre>java.util.NoSuchElementException
	at java.base/java.util.Scanner.throwFor(Scanner.java:937)
	at java.base/java.util.Scanner.next(Scanner.java:1594)
	at java.base/java.util.Scanner.nextDouble(Scanner.java:2564)
	at es.uclm.esi.iso2.ga03.GravitationalEq.Main.returnValues(Main.java:33)
	at es.uclm.esi.iso2.ga03.GravitationalEq.MainTest.testReturnValues(MainTest.java:28)
	at java.base/jdk.internal.reflect.NativeMethodAccessorImpl.invoke0(Native Method)
	at java.base/jdk.internal.reflect.NativeMethodAccessorImpl.invoke(NativeMethodAccessorImpl.java:77)
	at java.base/jdk.internal.reflect.DelegatingMethodAccessorImpl.invoke(DelegatingMethodAccessorImpl.java:43)
	at java.base/java.lang.reflect.Method.invoke(Method.java:568)
	at org.junit.runners.model.FrameworkMethod$1.runReflectiveCall(FrameworkMethod.java:47)
	at org.junit.internal.runners.model.ReflectiveCallable.run(ReflectiveCallable.java:12)
	at org.junit.runners.model.FrameworkMethod.invokeExplosively(FrameworkMethod.java:44)
	at org.junit.internal.runners.statements.InvokeMethod.evaluate(InvokeMethod.java:17)
	at org.junit.internal.runners.statements.RunBefores.evaluate(RunBefores.java:26)
	at org.junit.runners.ParentRunner.runLeaf(ParentRunner.java:271)
	at org.junit.runners.BlockJUnit4ClassRunner.runChild(BlockJUnit4ClassRunner.java:70)
	at org.junit.runners.BlockJUnit4ClassRunner.runChild(BlockJUnit4ClassRunner.java:50)
	at org.junit.runners.ParentRunner$3.run(ParentRunner.java:238)
	at org.junit.runners.ParentRunner$1.schedule(ParentRunner.java:63)
	at org.junit.runners.ParentRunner.runChildren(ParentRunner.java:236)
	at org.junit.runners.ParentRunner.access$000(ParentRunner.java:53)
	at org.junit.runners.ParentRunner$2.evaluate(ParentRunner.java:229)
	at org.junit.runners.ParentRunner.run(ParentRunner.java:309)
	at org.apache.maven.surefire.junit4.JUnit4Provider.execute(JUnit4Provider.java:316)
	at org.apache.maven.surefire.junit4.JUnit4Provider.executeWithRerun(JUnit4Provider.java:240)
	at org.apache.maven.surefire.junit4.JUnit4Provider.executeTestSet(JUnit4Provider.java:214)
	at org.apache.maven.surefire.junit4.JUnit4Provider.invoke(JUnit4Provider.java:155)
	at org.apache.maven.surefire.booter.ForkedBooter.runSuitesInProcess(ForkedBooter.java:385)
	at org.apache.maven.surefire.booter.ForkedBooter.execute(ForkedBooter.java:162)
	at org.apache.maven.surefire.booter.ForkedBooter.run(ForkedBooter.java:507)
	at org.apache.maven.surefire.booter.ForkedBooter.main(ForkedBooter.java:495)
</pre></div></td>
<td>-</td></tr></table></section><br /></section><section><a id="Failure_Details"></a>
<h2><a name="Failure_Details"></a>Failure Details</h2>
<p>[<a href="#Summary">Summary</a>] [<a href="#Package_List">Package List</a>] [<a href="#Test_Cases">Test Cases</a>]</p><br />
<table border="0" class="bodyTable">
<tr class="a">
<td align="left"><img src="images/icon_error_sml.gif" alt="" /></td>
<td><a id="es.uclm.esi.iso2.ga03.GravitationalEq.MainTest.testCheckPositiveInputFalse"></a>testCheckPositiveInputFalse</td></tr>
<tr class="b">
<td align="left">-</td>
<td>java.lang.IllegalArgumentException: Enter a positive number greater than zero.</td></tr>
<tr class="a">
<td align="left">-</td>
<td>
<div id="testCheckPositiveInputFalse-error">es.uclm.esi.iso2.ga03.GravitationalEq.MainTest:53</div></td></tr>
<tr class="b">
<td align="left"><img src="images/icon_error_sml.gif" alt="" /></td>
<td><a id="es.uclm.esi.iso2.ga03.GravitationalEq.MainTest.testReturnValuesFalse"></a>testReturnValuesFalse</td></tr>
<tr class="a">
<td align="left">-</td>
<td>java.util.NoSuchElementException</td></tr>
<tr class="b">
<td align="left">-</td>
<td>
<div id="testReturnValuesFalse-error">es.uclm.esi.iso2.ga03.GravitationalEq.MainTest:34</div></td></tr>
<tr class="a">
<td align="left"><img src="images/icon_error_sml.gif" alt="" /></td>
<td><a id="es.uclm.esi.iso2.ga03.GravitationalEq.MainTest.testReturnValues"></a>testReturnValues</td></tr>
<tr class="b">
<td align="left">-</td>
<td>java.util.NoSuchElementException</td></tr>
<tr class="a">
<td align="left">-</td>
<td>
<div id="testReturnValues-error">es.uclm.esi.iso2.ga03.GravitationalEq.MainTest:28</div></td></tr></table><br /></section>
      </div>
    </div>
    <div class="clear">
      <hr/>
    </div>
    <div id="footer">
      <div class="xright">
        Copyright &#169;      2023<a href="[http://www.esi.uclm.es%3c/url]www.esi.uclm.es">ISO2 Escuela Superior de Inform√°tica</a>.
.      </div>
      <div class="clear">
        <hr/>
      </div>
    </div>
  </body>
</html>
