<?xml version="1.0" encoding="UTF-8"?>
<testsuite xmlns:xsi="http://www.w3.org/2001/XMLSchema-instance" xsi:noNamespaceSchemaLocation="https://maven.apache.org/surefire/maven-surefire-plugin/xsd/surefire-test-report-3.0.xsd" version="3.0" name="es.uclm.esi.iso2.ga03.GravitationalEq.GravitationalEquationTest" time="0.045" tests="5" errors="0" skipped="0" failures="0">
  <properties>
[...]
</properties>
  <testcase name="testToString" classname="es.uclm.esi.iso2.ga03.GravitationalEq.GravitationalEquationTest" time="0.002"/>
  <testcase name="testCalculateGravitationalForce" classname="es.uclm.esi.iso2.ga03.GravitationalEq.GravitationalEquationTest" time="0.0"/>
  <testcase name="testSetDistance" classname="es.uclm.esi.iso2.ga03.GravitationalEq.GravitationalEquationTest" time="0.0"/>
  <testcase name="testSetMass1" classname="es.uclm.esi.iso2.ga03.GravitationalEq.GravitationalEquationTest" time="0.0"/>
  <testcase name="testSetMass2" classname="es.uclm.esi.iso2.ga03.GravitationalEq.GravitationalEquationTest" time="0.0"/>
</testsuite>